2024-05-02 18:01:28,103 - WARNING - Received SIGINT signal
2024-05-02 18:01:28,104 - INFO - Polling stopped for bot @vishka_dishka_bot id=6715327006 - 'vishka_dishka_bot'
2024-05-02 18:01:28,104 - INFO - Polling stopped
2024-05-02 18:01:31,985 - INFO - Start polling
2024-05-02 18:01:32,065 - INFO - Run polling for bot @vishka_dishka_bot id=6715327006 - 'vishka_dishka_bot'
2024-05-02 18:01:33,924 - INFO - select pg_catalog.version()
2024-05-02 18:01:33,924 - INFO - [raw sql] ()
2024-05-02 18:01:33,927 - INFO - select current_schema()
2024-05-02 18:01:33,927 - INFO - [raw sql] ()
2024-05-02 18:01:33,929 - INFO - show standard_conforming_strings
2024-05-02 18:01:33,929 - INFO - [raw sql] ()
2024-05-02 18:01:33,930 - INFO - BEGIN (implicit)
2024-05-02 18:01:33,936 - INFO - SELECT users.id, users.name, users.username, users.age, users.city, users.field, users.about, users.active, users.photo, users.filters, users.moderated 
FROM users 
WHERE users.id = $1::BIGINT
2024-05-02 18:01:33,936 - INFO - [generated in 0.00040s] (846318398,)
2024-05-02 18:01:33,940 - INFO - ROLLBACK
2024-05-02 18:01:34,255 - INFO - Update id=855529761 is handled. Duration 386 ms by bot id=6715327006
2024-05-02 18:01:35,491 - INFO - BEGIN (implicit)
2024-05-02 18:01:35,492 - INFO - SELECT admins.id 
FROM admins
2024-05-02 18:01:35,492 - INFO - [generated in 0.00018s] ()
2024-05-02 18:01:35,494 - INFO - ROLLBACK
2024-05-02 18:01:35,600 - INFO - Update id=855529762 is handled. Duration 110 ms by bot id=6715327006
2024-05-02 18:01:36,790 - INFO - Update id=855529763 is handled. Duration 184 ms by bot id=6715327006
2024-05-02 18:01:37,773 - INFO - BEGIN (implicit)
2024-05-02 18:01:37,775 - INFO - SELECT users.id, users.name, users.username, users.age, users.city, users.field, users.about, users.active, users.photo, users.filters, users.moderated 
FROM users 
WHERE users.moderated = false
2024-05-02 18:01:37,775 - INFO - [generated in 0.00032s] ()
2024-05-02 18:01:37,778 - INFO - ROLLBACK
2024-05-02 18:01:37,888 - INFO - Update id=855529764 is handled. Duration 192 ms by bot id=6715327006
2024-05-02 18:01:39,851 - INFO - Update id=855529765 is handled. Duration 170 ms by bot id=6715327006
2024-05-02 18:01:41,221 - INFO - Update id=855529766 is handled. Duration 162 ms by bot id=6715327006
2024-05-02 18:01:42,109 - INFO - BEGIN (implicit)
2024-05-02 18:01:42,110 - INFO - SELECT users.id, users.name, users.username, users.age, users.city, users.field, users.about, users.active, users.photo, users.filters, users.moderated 
FROM users 
WHERE users.moderated = false
2024-05-02 18:01:42,110 - INFO - [cached since 4.335s ago] ()
2024-05-02 18:01:42,111 - INFO - ROLLBACK
2024-05-02 18:01:42,211 - INFO - Update id=855529767 is handled. Duration 175 ms by bot id=6715327006
2024-05-02 18:01:47,235 - INFO - BEGIN (implicit)
2024-05-02 18:01:47,235 - INFO - SELECT users.id, users.name, users.username, users.age, users.city, users.field, users.about, users.active, users.photo, users.filters, users.moderated 
FROM users 
WHERE users.id = $1::BIGINT
2024-05-02 18:01:47,235 - INFO - [cached since 13.3s ago] (846318398,)
2024-05-02 18:01:47,239 - INFO - UPDATE users SET moderated=$1::BOOLEAN WHERE users.id = $2::BIGINT
2024-05-02 18:01:47,239 - INFO - [generated in 0.00038s] (True, 846318398)
2024-05-02 18:01:47,241 - INFO - COMMIT
2024-05-02 18:01:47,407 - INFO - BEGIN (implicit)
2024-05-02 18:01:47,407 - INFO - SELECT users.id, users.name, users.username, users.age, users.city, users.field, users.about, users.active, users.photo, users.filters, users.moderated 
FROM users 
WHERE users.moderated = false
2024-05-02 18:01:47,408 - INFO - [cached since 9.633s ago] ()
2024-05-02 18:01:47,409 - INFO - ROLLBACK
2024-05-02 18:01:47,409 - INFO - Update id=855529768 is not handled. Duration 352 ms by bot id=6715327006
2024-05-02 18:01:47,409 - ERROR - Cause exception while process update id=855529768 by bot id=6715327006
AttributeError: 'NoneType' object has no attribute 'id'
Traceback (most recent call last):
  File "/home/vicpel/Projects/TinBiz v2/venv/lib/python3.10/site-packages/aiogram/dispatcher/dispatcher.py", line 309, in _process_update
    response = await self.feed_update(bot, update, **kwargs)
  File "/home/vicpel/Projects/TinBiz v2/venv/lib/python3.10/site-packages/aiogram/dispatcher/dispatcher.py", line 158, in feed_update
    response = await self.update.wrap_outer_middleware(
  File "/home/vicpel/Projects/TinBiz v2/venv/lib/python3.10/site-packages/aiogram/dispatcher/middlewares/error.py", line 25, in __call__
    return await handler(event, data)
  File "/home/vicpel/Projects/TinBiz v2/venv/lib/python3.10/site-packages/aiogram/dispatcher/middlewares/user_context.py", line 49, in __call__
    return await handler(event, data)
  File "/home/vicpel/Projects/TinBiz v2/venv/lib/python3.10/site-packages/aiogram/fsm/middleware.py", line 42, in __call__
    return await handler(event, data)
  File "/home/vicpel/Projects/TinBiz v2/venv/lib/python3.10/site-packages/aiogram/dispatcher/event/telegram.py", line 121, in trigger
    return await wrapped_inner(event, kwargs)
  File "/home/vicpel/Projects/TinBiz v2/venv/lib/python3.10/site-packages/aiogram/dispatcher/event/handler.py", line 43, in call
    return await wrapped()
  File "/home/vicpel/Projects/TinBiz v2/venv/lib/python3.10/site-packages/aiogram/dispatcher/dispatcher.py", line 276, in _listen_update
    return await self.propagate_event(update_type=update_type, event=event, **kwargs)
  File "/home/vicpel/Projects/TinBiz v2/venv/lib/python3.10/site-packages/aiogram/dispatcher/router.py", line 142, in propagate_event
    return await observer.wrap_outer_middleware(_wrapped, event=event, data=kwargs)
  File "/home/vicpel/Projects/TinBiz v2/venv/lib/python3.10/site-packages/aiogram/dispatcher/router.py", line 137, in _wrapped
    return await self._propagate_event(
  File "/home/vicpel/Projects/TinBiz v2/venv/lib/python3.10/site-packages/aiogram/dispatcher/router.py", line 170, in _propagate_event
    response = await router.propagate_event(update_type=update_type, event=event, **kwargs)
  File "/home/vicpel/Projects/TinBiz v2/venv/lib/python3.10/site-packages/aiogram/dispatcher/router.py", line 142, in propagate_event
    return await observer.wrap_outer_middleware(_wrapped, event=event, data=kwargs)
  File "/home/vicpel/Projects/TinBiz v2/venv/lib/python3.10/site-packages/aiogram/dispatcher/router.py", line 137, in _wrapped
    return await self._propagate_event(
  File "/home/vicpel/Projects/TinBiz v2/venv/lib/python3.10/site-packages/aiogram/dispatcher/router.py", line 162, in _propagate_event
    response = await observer.trigger(event, **kwargs)
  File "/home/vicpel/Projects/TinBiz v2/venv/lib/python3.10/site-packages/aiogram/dispatcher/event/telegram.py", line 121, in trigger
    return await wrapped_inner(event, kwargs)
  File "/home/vicpel/Projects/TinBiz v2/venv/lib/python3.10/site-packages/aiogram/dispatcher/event/handler.py", line 43, in call
    return await wrapped()
  File "/home/vicpel/Projects/TinBiz v2/handlers/admin_handler.py", line 62, in moderate_callback
    await state.update_data(candidate_id=candidate.id)
AttributeError: 'NoneType' object has no attribute 'id'
2024-05-02 18:02:13,428 - INFO - Update id=855529769 is not handled. Duration 0 ms by bot id=6715327006
2024-05-02 18:02:13,428 - ERROR - Cause exception while process update id=855529769 by bot id=6715327006
TypeError: Message.answer() missing 1 required positional argument: 'text'
Traceback (most recent call last):
  File "/home/vicpel/Projects/TinBiz v2/venv/lib/python3.10/site-packages/aiogram/dispatcher/dispatcher.py", line 309, in _process_update
    response = await self.feed_update(bot, update, **kwargs)
  File "/home/vicpel/Projects/TinBiz v2/venv/lib/python3.10/site-packages/aiogram/dispatcher/dispatcher.py", line 158, in feed_update
    response = await self.update.wrap_outer_middleware(
  File "/home/vicpel/Projects/TinBiz v2/venv/lib/python3.10/site-packages/aiogram/dispatcher/middlewares/error.py", line 25, in __call__
    return await handler(event, data)
  File "/home/vicpel/Projects/TinBiz v2/venv/lib/python3.10/site-packages/aiogram/dispatcher/middlewares/user_context.py", line 49, in __call__
    return await handler(event, data)
  File "/home/vicpel/Projects/TinBiz v2/venv/lib/python3.10/site-packages/aiogram/fsm/middleware.py", line 42, in __call__
    return await handler(event, data)
  File "/home/vicpel/Projects/TinBiz v2/venv/lib/python3.10/site-packages/aiogram/dispatcher/event/telegram.py", line 121, in trigger
    return await wrapped_inner(event, kwargs)
  File "/home/vicpel/Projects/TinBiz v2/venv/lib/python3.10/site-packages/aiogram/dispatcher/event/handler.py", line 43, in call
    return await wrapped()
  File "/home/vicpel/Projects/TinBiz v2/venv/lib/python3.10/site-packages/aiogram/dispatcher/dispatcher.py", line 276, in _listen_update
    return await self.propagate_event(update_type=update_type, event=event, **kwargs)
  File "/home/vicpel/Projects/TinBiz v2/venv/lib/python3.10/site-packages/aiogram/dispatcher/router.py", line 142, in propagate_event
    return await observer.wrap_outer_middleware(_wrapped, event=event, data=kwargs)
  File "/home/vicpel/Projects/TinBiz v2/venv/lib/python3.10/site-packages/aiogram/dispatcher/router.py", line 137, in _wrapped
    return await self._propagate_event(
  File "/home/vicpel/Projects/TinBiz v2/venv/lib/python3.10/site-packages/aiogram/dispatcher/router.py", line 170, in _propagate_event
    response = await router.propagate_event(update_type=update_type, event=event, **kwargs)
  File "/home/vicpel/Projects/TinBiz v2/venv/lib/python3.10/site-packages/aiogram/dispatcher/router.py", line 142, in propagate_event
    return await observer.wrap_outer_middleware(_wrapped, event=event, data=kwargs)
  File "/home/vicpel/Projects/TinBiz v2/venv/lib/python3.10/site-packages/aiogram/dispatcher/router.py", line 137, in _wrapped
    return await self._propagate_event(
  File "/home/vicpel/Projects/TinBiz v2/venv/lib/python3.10/site-packages/aiogram/dispatcher/router.py", line 162, in _propagate_event
    response = await observer.trigger(event, **kwargs)
  File "/home/vicpel/Projects/TinBiz v2/venv/lib/python3.10/site-packages/aiogram/dispatcher/event/telegram.py", line 121, in trigger
    return await wrapped_inner(event, kwargs)
  File "/home/vicpel/Projects/TinBiz v2/venv/lib/python3.10/site-packages/aiogram/dispatcher/event/handler.py", line 43, in call
    return await wrapped()
  File "/home/vicpel/Projects/TinBiz v2/handlers/menu_handler.py", line 12, in cmd_menu
    await call.answer()
TypeError: Message.answer() missing 1 required positional argument: 'text'
2024-05-02 18:03:14,258 - WARNING - Received SIGINT signal
2024-05-02 18:03:14,259 - INFO - Polling stopped for bot @vishka_dishka_bot id=6715327006 - 'vishka_dishka_bot'
2024-05-02 18:03:14,259 - INFO - Polling stopped
2024-05-02 18:03:18,387 - INFO - Start polling
2024-05-02 18:03:18,471 - INFO - Run polling for bot @vishka_dishka_bot id=6715327006 - 'vishka_dishka_bot'
2024-05-02 18:03:20,097 - INFO - select pg_catalog.version()
2024-05-02 18:03:20,098 - INFO - [raw sql] ()
2024-05-02 18:03:20,100 - INFO - select current_schema()
2024-05-02 18:03:20,100 - INFO - [raw sql] ()
2024-05-02 18:03:20,101 - INFO - show standard_conforming_strings
2024-05-02 18:03:20,101 - INFO - [raw sql] ()
2024-05-02 18:03:20,102 - INFO - BEGIN (implicit)
2024-05-02 18:03:20,106 - INFO - SELECT users.id, users.name, users.username, users.age, users.city, users.field, users.about, users.active, users.photo, users.filters, users.moderated 
FROM users 
WHERE users.id = $1::BIGINT
2024-05-02 18:03:20,106 - INFO - [generated in 0.00029s] (846318398,)
2024-05-02 18:03:20,109 - INFO - ROLLBACK
2024-05-02 18:03:20,423 - INFO - Update id=855529770 is handled. Duration 356 ms by bot id=6715327006
2024-05-02 18:03:22,180 - INFO - BEGIN (implicit)
2024-05-02 18:03:22,181 - INFO - SELECT users.id, users.name, users.username, users.age, users.city, users.field, users.about, users.active, users.photo, users.filters, users.moderated 
FROM users 
WHERE users.id = $1::BIGINT
2024-05-02 18:03:22,181 - INFO - [cached since 2.075s ago] (846318398,)
2024-05-02 18:03:22,183 - INFO - ROLLBACK
2024-05-02 18:03:22,301 - INFO - Update id=855529771 is handled. Duration 210 ms by bot id=6715327006
2024-05-02 18:03:26,393 - WARNING - Received SIGINT signal
2024-05-02 18:03:26,394 - INFO - Polling stopped for bot @vishka_dishka_bot id=6715327006 - 'vishka_dishka_bot'
2024-05-02 18:03:26,394 - INFO - Polling stopped
